LOOP NUMBER: 0
--------------Starting Computing....--------------
Checking for requests...
Requests found, contacting Applied.....
Item list set.
Item: minecraft:cauldron was not found in the storage, or there is not enougth of it. Searching if craft exists...
Item: minecraft:cauldron is not craftable and has been added to the uncraftable list.
Item: minecraft:stone_brick_wall is in the storage and with the correct amount, sending export order of 14 units...
Item successfully exported !
Item: minecraft:polished_diorite_stairs is in the storage and with the correct amount, sending export order of 3 units...
Item successfully exported !
Item: minecraft:stone_brick_stairs is in the storage and with the correct amount, sending export order of 8 units...
Item successfully exported !
Item: minecraft:stoLOOP NUMBER: 2
--------------Starting Computing....--------------
Checking for requests...
Requests found, contacting Applied.....
Item list set.
Item: aiotbotania:livingwood_aiot was not found in the storage, or there is not enougth of it. Searching if craft exists...
Item: aiotbotania:livingwood_aiot is not craftable and has been added to the uncraftable list.
--------------Loop Ended--------------
e_bricks was not found in the storage, or there is not enougth of it. Searching if craft exists...
Item: minecraft:stone_bricks is craftable. Sending craft order...
Item: x97minecraft:stone_bricks are successfully being crafted !
--------------Loop Ended--------------
LOOP NUMBER: 1
--------------Starting Computing....--------------
Checking for requests...
Requests found, contacting Applied.....
Item list set.
Item: minecraft:cauldron was not found in the storage, or there is not enougth of it. Searching if craft exists...
Item: minecraft:cauldron is not craftable and has been added to the uncraftable list.
Item: minecraft:stone_brick_wall is in the storage and with the correct amount, sending export order of 14 units...
Item successfully exported !
Item: minecraft:polished_diorite_stairs was not found in the storage, or there is not enougth of it. Searching if craft exists...
Item: minecraft:polished_diorite_stairs is craftable. Sending craft order...
Item: x3minecraft:polished_diorite_stairs are successfully being crafted !
Item: minecraft:stone_brick_stairs was not found in the storage, or there is not enougth of it. Searching if craft exists...
Item: minecraft:stone_brick_stairs is craftable. Sending craft order...
Item: x8minecraft:stone_brick_stairs are successfully being crafted !
Item: minecraft:stone_bricks is in the storage and with the correct amount, sending export order of 33 units...
Item successfully exported !
Item: minecraft:polished_diorite is in the storage and with the correct amount, sending export order of 22 units...
Item successfully exported !
Item: minecraft:stone_bricks is in the storage and with the correct amount, sending export order of 97 units...
Item successfully exported !
--------------Loop Ended--------------
LOOP NUMBER: 2
--------------Starting Computing....--------------
Checking for requests...
Requests found, contacting Applied.....
Item list set.
Item: minecraft:cauldron was not found in the storage, or there is not enougth of it. Searching if craft exists...
Item: minecraft:cauldron is not craftable and has been added to the uncraftable list.
Item: minecraft:stone_brick_wall is in the storage and with the correct amount, sending export order of 14 units...
Item successfully exported !
Item: minecraft:polished_diorite_stairs is in the storage and with the correct amount, sending export order of 3 units...
Item successfully exported !
Item: minecraft:stone_brick_stairs is in the storage and with the correct amount, sending export order of 8 units...
Item successfully exported !
Item: minecraft:stone_bricks is in the storage and with the correct amount, sending export order of 33 units...
Item successfully exported !
Item: minecraft:polished_diorite was not found in the storage, or there is not enougth of it. Searching if craft exists...
Item: minecraft:polished_diorite is craftable. Sending craft order...
Item: x22minecraft:polished_diorite are successfully being crafted !
Item: minecraft:stone_bricks was not found in the storage, or there is not enougth of it. Searching if craft exists...
Item: minecraft:stone_bricks is craftable. Sending craft order...
Item: x97minecraft:stone_bricks are successfully being crafted !
--------------Loop Ended--------------
